Determining if files endian.h exist failed with the following output:
Change Dir: /Users/tulindanilcom/Downloads/jansson-2.6/build/CMakeFiles/CMakeTmp

Run Build Command:"/usr/bin/make" "cmTryCompileExec3307296015/fast"
/Applications/Xcode.app/Contents/Developer/usr/bin/make -f CMakeFiles/cmTryCompileExec3307296015.dir/build.make CMakeFiles/cmTryCompileExec3307296015.dir/build
/usr/local/Cellar/cmake/3.1.0/bin/cmake -E cmake_progress_report /Users/tulindanilcom/Downloads/jansson-2.6/build/CMakeFiles/CMakeTmp/CMakeFiles 1
Building C object CMakeFiles/cmTryCompileExec3307296015.dir/CheckIncludeFiles.c.o
/usr/bin/cc   -isysroot /Applications/Xcode.app/Contents/Developer/Platforms/MacOSX.platform/Developer/SDKs/MacOSX10.10.sdk   -o CMakeFiles/cmTryCompileExec3307296015.dir/CheckIncludeFiles.c.o   -c /Users/tulindanilcom/Downloads/jansson-2.6/build/CMakeFiles/CMakeTmp/CheckIncludeFiles.c
/Users/tulindanilcom/Downloads/jansson-2.6/build/CMakeFiles/CMakeTmp/CheckIncludeFiles.c:2:10: fatal error: 'endian.h' file not found
#include <endian.h>
         ^
1 error generated.
make[1]: *** [CMakeFiles/cmTryCompileExec3307296015.dir/CheckIncludeFiles.c.o] Error 1
make: *** [cmTryCompileExec3307296015/fast] Error 2

Source:
/* */
#include <endian.h>


int main(void){return 0;}

Determining size of __int64 failed with the following output:
Change Dir: /Users/tulindanilcom/Downloads/jansson-2.6/build/CMakeFiles/CMakeTmp

Run Build Command:"/usr/bin/make" "cmTryCompileExec1485832397/fast"
/Applications/Xcode.app/Contents/Developer/usr/bin/make -f CMakeFiles/cmTryCompileExec1485832397.dir/build.make CMakeFiles/cmTryCompileExec1485832397.dir/build
/usr/local/Cellar/cmake/3.1.0/bin/cmake -E cmake_progress_report /Users/tulindanilcom/Downloads/jansson-2.6/build/CMakeFiles/CMakeTmp/CMakeFiles 1
Building C object CMakeFiles/cmTryCompileExec1485832397.dir/__INT64.c.o
/usr/bin/cc   -isysroot /Applications/Xcode.app/Contents/Developer/Platforms/MacOSX.platform/Developer/SDKs/MacOSX10.10.sdk   -o CMakeFiles/cmTryCompileExec1485832397.dir/__INT64.c.o   -c /Users/tulindanilcom/Downloads/jansson-2.6/build/CMakeFiles/CheckTypeSize/__INT64.c
/Users/tulindanilcom/Downloads/jansson-2.6/build/CMakeFiles/CheckTypeSize/__INT64.c:19:12: error: use of undeclared identifier '__int64'; did you mean '__int64_t'?
  ('0' + ((SIZE / 10000)%10)),
           ^
/Users/tulindanilcom/Downloads/jansson-2.6/build/CMakeFiles/CheckTypeSize/__INT64.c:17:22: note: expanded from macro 'SIZE'
#define SIZE (sizeof(__int64))
                     ^
/Applications/Xcode.app/Contents/Developer/Platforms/MacOSX.platform/Developer/SDKs/MacOSX10.10.sdk/usr/include/i386/_types.h:46:20: note: '__int64_t' declared here
typedef long long               __int64_t;
                                ^
/Users/tulindanilcom/Downloads/jansson-2.6/build/CMakeFiles/CheckTypeSize/__INT64.c:20:12: error: use of undeclared identifier '__int64'; did you mean '__int64_t'?
  ('0' + ((SIZE / 1000)%10)),
           ^
/Users/tulindanilcom/Downloads/jansson-2.6/build/CMakeFiles/CheckTypeSize/__INT64.c:17:22: note: expanded from macro 'SIZE'
#define SIZE (sizeof(__int64))
                     ^
/Applications/Xcode.app/Contents/Developer/Platforms/MacOSX.platform/Developer/SDKs/MacOSX10.10.sdk/usr/include/i386/_types.h:46:20: note: '__int64_t' declared here
typedef long long               __int64_t;
                                ^
/Users/tulindanilcom/Downloads/jansson-2.6/build/CMakeFiles/CheckTypeSize/__INT64.c:21:12: error: use of undeclared identifier '__int64'; did you mean '__int64_t'?
  ('0' + ((SIZE / 100)%10)),
           ^
/Users/tulindanilcom/Downloads/jansson-2.6/build/CMakeFiles/CheckTypeSize/__INT64.c:17:22: note: expanded from macro 'SIZE'
#define SIZE (sizeof(__int64))
                     ^
/Applications/Xcode.app/Contents/Developer/Platforms/MacOSX.platform/Developer/SDKs/MacOSX10.10.sdk/usr/include/i386/_types.h:46:20: note: '__int64_t' declared here
typedef long long               __int64_t;
                                ^
/Users/tulindanilcom/Downloads/jansson-2.6/build/CMakeFiles/CheckTypeSize/__INT64.c:22:12: error: use of undeclared identifier '__int64'; did you mean '__int64_t'?
  ('0' + ((SIZE / 10)%10)),
           ^
/Users/tulindanilcom/Downloads/jansson-2.6/build/CMakeFiles/CheckTypeSize/__INT64.c:17:22: note: expanded from macro 'SIZE'
#define SIZE (sizeof(__int64))
                     ^
/Applications/Xcode.app/Contents/Developer/Platforms/MacOSX.platform/Developer/SDKs/MacOSX10.10.sdk/usr/include/i386/_types.h:46:20: note: '__int64_t' declared here
typedef long long               __int64_t;
                                ^
/Users/tulindanilcom/Downloads/jansson-2.6/build/CMakeFiles/CheckTypeSize/__INT64.c:23:12: error: use of undeclared identifier '__int64'; did you mean '__int64_t'?
  ('0' +  (SIZE    % 10)),
           ^
/Users/tulindanilcom/Downloads/jansson-2.6/build/CMakeFiles/CheckTypeSize/__INT64.c:17:22: note: expanded from macro 'SIZE'
#define SIZE (sizeof(__int64))
                     ^
/Applications/Xcode.app/Contents/Developer/Platforms/MacOSX.platform/Developer/SDKs/MacOSX10.10.sdk/usr/include/i386/_types.h:46:20: note: '__int64_t' declared here
typedef long long               __int64_t;
                                ^
5 errors generated.
make[1]: *** [CMakeFiles/cmTryCompileExec1485832397.dir/__INT64.c.o] Error 1
make: *** [cmTryCompileExec1485832397/fast] Error 2

/Users/tulindanilcom/Downloads/jansson-2.6/build/CMakeFiles/CheckTypeSize/__INT64.c:
#include <sys/types.h>
#include <stdint.h>
#include <stddef.h>


#undef KEY
#if defined(__i386)
# define KEY '_','_','i','3','8','6'
#elif defined(__x86_64)
# define KEY '_','_','x','8','6','_','6','4'
#elif defined(__ppc__)
# define KEY '_','_','p','p','c','_','_'
#elif defined(__ppc64__)
# define KEY '_','_','p','p','c','6','4','_','_'
#endif

#define SIZE (sizeof(__int64))
char info_size[] =  {'I', 'N', 'F', 'O', ':', 's','i','z','e','[',
  ('0' + ((SIZE / 10000)%10)),
  ('0' + ((SIZE / 1000)%10)),
  ('0' + ((SIZE / 100)%10)),
  ('0' + ((SIZE / 10)%10)),
  ('0' +  (SIZE    % 10)),
  ']',
#ifdef KEY
  ' ','k','e','y','[', KEY, ']',
#endif
  '\0'};

#ifdef __CLASSIC_C__
int main(argc, argv) int argc; char *argv[];
#else
int main(int argc, char *argv[])
#endif
{
  int require = 0;
  require += info_size[argc];
  (void)argv;
  return require;
}


Determining size of __int32 failed with the following output:
Change Dir: /Users/tulindanilcom/Downloads/jansson-2.6/build/CMakeFiles/CMakeTmp

Run Build Command:"/usr/bin/make" "cmTryCompileExec3504125546/fast"
/Applications/Xcode.app/Contents/Developer/usr/bin/make -f CMakeFiles/cmTryCompileExec3504125546.dir/build.make CMakeFiles/cmTryCompileExec3504125546.dir/build
/usr/local/Cellar/cmake/3.1.0/bin/cmake -E cmake_progress_report /Users/tulindanilcom/Downloads/jansson-2.6/build/CMakeFiles/CMakeTmp/CMakeFiles 1
Building C object CMakeFiles/cmTryCompileExec3504125546.dir/__INT32.c.o
/usr/bin/cc   -isysroot /Applications/Xcode.app/Contents/Developer/Platforms/MacOSX.platform/Developer/SDKs/MacOSX10.10.sdk   -o CMakeFiles/cmTryCompileExec3504125546.dir/__INT32.c.o   -c /Users/tulindanilcom/Downloads/jansson-2.6/build/CMakeFiles/CheckTypeSize/__INT32.c
/Users/tulindanilcom/Downloads/jansson-2.6/build/CMakeFiles/CheckTypeSize/__INT32.c:19:12: error: use of undeclared identifier '__int32'; did you mean '__int32_t'?
  ('0' + ((SIZE / 10000)%10)),
           ^
/Users/tulindanilcom/Downloads/jansson-2.6/build/CMakeFiles/CheckTypeSize/__INT32.c:17:22: note: expanded from macro 'SIZE'
#define SIZE (sizeof(__int32))
                     ^
/Applications/Xcode.app/Contents/Developer/Platforms/MacOSX.platform/Developer/SDKs/MacOSX10.10.sdk/usr/include/i386/_types.h:44:15: note: '__int32_t' declared here
typedef int                     __int32_t;
                                ^
/Users/tulindanilcom/Downloads/jansson-2.6/build/CMakeFiles/CheckTypeSize/__INT32.c:20:12: error: use of undeclared identifier '__int32'; did you mean '__int32_t'?
  ('0' + ((SIZE / 1000)%10)),
           ^
/Users/tulindanilcom/Downloads/jansson-2.6/build/CMakeFiles/CheckTypeSize/__INT32.c:17:22: note: expanded from macro 'SIZE'
#define SIZE (sizeof(__int32))
                     ^
/Applications/Xcode.app/Contents/Developer/Platforms/MacOSX.platform/Developer/SDKs/MacOSX10.10.sdk/usr/include/i386/_types.h:44:15: note: '__int32_t' declared here
typedef int                     __int32_t;
                                ^
/Users/tulindanilcom/Downloads/jansson-2.6/build/CMakeFiles/CheckTypeSize/__INT32.c:21:12: error: use of undeclared identifier '__int32'; did you mean '__int32_t'?
  ('0' + ((SIZE / 100)%10)),
           ^
/Users/tulindanilcom/Downloads/jansson-2.6/build/CMakeFiles/CheckTypeSize/__INT32.c:17:22: note: expanded from macro 'SIZE'
#define SIZE (sizeof(__int32))
                     ^
/Applications/Xcode.app/Contents/Developer/Platforms/MacOSX.platform/Developer/SDKs/MacOSX10.10.sdk/usr/include/i386/_types.h:44:15: note: '__int32_t' declared here
typedef int                     __int32_t;
                                ^
/Users/tulindanilcom/Downloads/jansson-2.6/build/CMakeFiles/CheckTypeSize/__INT32.c:22:12: error: use of undeclared identifier '__int32'; did you mean '__int32_t'?
  ('0' + ((SIZE / 10)%10)),
           ^
/Users/tulindanilcom/Downloads/jansson-2.6/build/CMakeFiles/CheckTypeSize/__INT32.c:17:22: note: expanded from macro 'SIZE'
#define SIZE (sizeof(__int32))
                     ^
/Applications/Xcode.app/Contents/Developer/Platforms/MacOSX.platform/Developer/SDKs/MacOSX10.10.sdk/usr/include/i386/_types.h:44:15: note: '__int32_t' declared here
typedef int                     __int32_t;
                                ^
/Users/tulindanilcom/Downloads/jansson-2.6/build/CMakeFiles/CheckTypeSize/__INT32.c:23:12: error: use of undeclared identifier '__int32'; did you mean '__int32_t'?
  ('0' +  (SIZE    % 10)),
           ^
/Users/tulindanilcom/Downloads/jansson-2.6/build/CMakeFiles/CheckTypeSize/__INT32.c:17:22: note: expanded from macro 'SIZE'
#define SIZE (sizeof(__int32))
                     ^
/Applications/Xcode.app/Contents/Developer/Platforms/MacOSX.platform/Developer/SDKs/MacOSX10.10.sdk/usr/include/i386/_types.h:44:15: note: '__int32_t' declared here
typedef int                     __int32_t;
                                ^
5 errors generated.
make[1]: *** [CMakeFiles/cmTryCompileExec3504125546.dir/__INT32.c.o] Error 1
make: *** [cmTryCompileExec3504125546/fast] Error 2

/Users/tulindanilcom/Downloads/jansson-2.6/build/CMakeFiles/CheckTypeSize/__INT32.c:
#include <sys/types.h>
#include <stdint.h>
#include <stddef.h>


#undef KEY
#if defined(__i386)
# define KEY '_','_','i','3','8','6'
#elif defined(__x86_64)
# define KEY '_','_','x','8','6','_','6','4'
#elif defined(__ppc__)
# define KEY '_','_','p','p','c','_','_'
#elif defined(__ppc64__)
# define KEY '_','_','p','p','c','6','4','_','_'
#endif

#define SIZE (sizeof(__int32))
char info_size[] =  {'I', 'N', 'F', 'O', ':', 's','i','z','e','[',
  ('0' + ((SIZE / 10000)%10)),
  ('0' + ((SIZE / 1000)%10)),
  ('0' + ((SIZE / 100)%10)),
  ('0' + ((SIZE / 10)%10)),
  ('0' +  (SIZE    % 10)),
  ']',
#ifdef KEY
  ' ','k','e','y','[', KEY, ']',
#endif
  '\0'};

#ifdef __CLASSIC_C__
int main(argc, argv) int argc; char *argv[];
#else
int main(int argc, char *argv[])
#endif
{
  int require = 0;
  require += info_size[argc];
  (void)argv;
  return require;
}


Determining size of __uint32 failed with the following output:
Change Dir: /Users/tulindanilcom/Downloads/jansson-2.6/build/CMakeFiles/CMakeTmp

Run Build Command:"/usr/bin/make" "cmTryCompileExec2859855807/fast"
/Applications/Xcode.app/Contents/Developer/usr/bin/make -f CMakeFiles/cmTryCompileExec2859855807.dir/build.make CMakeFiles/cmTryCompileExec2859855807.dir/build
/usr/local/Cellar/cmake/3.1.0/bin/cmake -E cmake_progress_report /Users/tulindanilcom/Downloads/jansson-2.6/build/CMakeFiles/CMakeTmp/CMakeFiles 1
Building C object CMakeFiles/cmTryCompileExec2859855807.dir/__UINT32.c.o
/usr/bin/cc   -isysroot /Applications/Xcode.app/Contents/Developer/Platforms/MacOSX.platform/Developer/SDKs/MacOSX10.10.sdk   -o CMakeFiles/cmTryCompileExec2859855807.dir/__UINT32.c.o   -c /Users/tulindanilcom/Downloads/jansson-2.6/build/CMakeFiles/CheckTypeSize/__UINT32.c
/Users/tulindanilcom/Downloads/jansson-2.6/build/CMakeFiles/CheckTypeSize/__UINT32.c:19:12: error: use of undeclared identifier '__uint32'; did you mean '__uint32_t'?
  ('0' + ((SIZE / 10000)%10)),
           ^
/Users/tulindanilcom/Downloads/jansson-2.6/build/CMakeFiles/CheckTypeSize/__UINT32.c:17:22: note: expanded from macro 'SIZE'
#define SIZE (sizeof(__uint32))
                     ^
/Applications/Xcode.app/Contents/Developer/Platforms/MacOSX.platform/Developer/SDKs/MacOSX10.10.sdk/usr/include/i386/_types.h:45:23: note: '__uint32_t' declared here
typedef unsigned int            __uint32_t;
                                ^
/Users/tulindanilcom/Downloads/jansson-2.6/build/CMakeFiles/CheckTypeSize/__UINT32.c:20:12: error: use of undeclared identifier '__uint32'; did you mean '__uint32_t'?
  ('0' + ((SIZE / 1000)%10)),
           ^
/Users/tulindanilcom/Downloads/jansson-2.6/build/CMakeFiles/CheckTypeSize/__UINT32.c:17:22: note: expanded from macro 'SIZE'
#define SIZE (sizeof(__uint32))
                     ^
/Applications/Xcode.app/Contents/Developer/Platforms/MacOSX.platform/Developer/SDKs/MacOSX10.10.sdk/usr/include/i386/_types.h:45:23: note: '__uint32_t' declared here
typedef unsigned int            __uint32_t;
                                ^
/Users/tulindanilcom/Downloads/jansson-2.6/build/CMakeFiles/CheckTypeSize/__UINT32.c:21:12: error: use of undeclared identifier '__uint32'; did you mean '__uint32_t'?
  ('0' + ((SIZE / 100)%10)),
           ^
/Users/tulindanilcom/Downloads/jansson-2.6/build/CMakeFiles/CheckTypeSize/__UINT32.c:17:22: note: expanded from macro 'SIZE'
#define SIZE (sizeof(__uint32))
                     ^
/Applications/Xcode.app/Contents/Developer/Platforms/MacOSX.platform/Developer/SDKs/MacOSX10.10.sdk/usr/include/i386/_types.h:45:23: note: '__uint32_t' declared here
typedef unsigned int            __uint32_t;
                                ^
/Users/tulindanilcom/Downloads/jansson-2.6/build/CMakeFiles/CheckTypeSize/__UINT32.c:22:12: error: use of undeclared identifier '__uint32'; did you mean '__uint32_t'?
  ('0' + ((SIZE / 10)%10)),
           ^
/Users/tulindanilcom/Downloads/jansson-2.6/build/CMakeFiles/CheckTypeSize/__UINT32.c:17:22: note: expanded from macro 'SIZE'
#define SIZE (sizeof(__uint32))
                     ^
/Applications/Xcode.app/Contents/Developer/Platforms/MacOSX.platform/Developer/SDKs/MacOSX10.10.sdk/usr/include/i386/_types.h:45:23: note: '__uint32_t' declared here
typedef unsigned int            __uint32_t;
                                ^
/Users/tulindanilcom/Downloads/jansson-2.6/build/CMakeFiles/CheckTypeSize/__UINT32.c:23:12: error: use of undeclared identifier '__uint32'; did you mean '__uint32_t'?
  ('0' +  (SIZE    % 10)),
           ^
/Users/tulindanilcom/Downloads/jansson-2.6/build/CMakeFiles/CheckTypeSize/__UINT32.c:17:22: note: expanded from macro 'SIZE'
#define SIZE (sizeof(__uint32))
                     ^
/Applications/Xcode.app/Contents/Developer/Platforms/MacOSX.platform/Developer/SDKs/MacOSX10.10.sdk/usr/include/i386/_types.h:45:23: note: '__uint32_t' declared here
typedef unsigned int            __uint32_t;
                                ^
5 errors generated.
make[1]: *** [CMakeFiles/cmTryCompileExec2859855807.dir/__UINT32.c.o] Error 1
make: *** [cmTryCompileExec2859855807/fast] Error 2

/Users/tulindanilcom/Downloads/jansson-2.6/build/CMakeFiles/CheckTypeSize/__UINT32.c:
#include <sys/types.h>
#include <stdint.h>
#include <stddef.h>


#undef KEY
#if defined(__i386)
# define KEY '_','_','i','3','8','6'
#elif defined(__x86_64)
# define KEY '_','_','x','8','6','_','6','4'
#elif defined(__ppc__)
# define KEY '_','_','p','p','c','_','_'
#elif defined(__ppc64__)
# define KEY '_','_','p','p','c','6','4','_','_'
#endif

#define SIZE (sizeof(__uint32))
char info_size[] =  {'I', 'N', 'F', 'O', ':', 's','i','z','e','[',
  ('0' + ((SIZE / 10000)%10)),
  ('0' + ((SIZE / 1000)%10)),
  ('0' + ((SIZE / 100)%10)),
  ('0' + ((SIZE / 10)%10)),
  ('0' +  (SIZE    % 10)),
  ']',
#ifdef KEY
  ' ','k','e','y','[', KEY, ']',
#endif
  '\0'};

#ifdef __CLASSIC_C__
int main(argc, argv) int argc; char *argv[];
#else
int main(int argc, char *argv[])
#endif
{
  int require = 0;
  require += info_size[argc];
  (void)argv;
  return require;
}


Determining size of SSIZE_T failed with the following output:
Change Dir: /Users/tulindanilcom/Downloads/jansson-2.6/build/CMakeFiles/CMakeTmp

Run Build Command:"/usr/bin/make" "cmTryCompileExec3667797461/fast"
/Applications/Xcode.app/Contents/Developer/usr/bin/make -f CMakeFiles/cmTryCompileExec3667797461.dir/build.make CMakeFiles/cmTryCompileExec3667797461.dir/build
/usr/local/Cellar/cmake/3.1.0/bin/cmake -E cmake_progress_report /Users/tulindanilcom/Downloads/jansson-2.6/build/CMakeFiles/CMakeTmp/CMakeFiles 1
Building C object CMakeFiles/cmTryCompileExec3667797461.dir/UPPERCASE_SSIZE_T.c.o
/usr/bin/cc   -isysroot /Applications/Xcode.app/Contents/Developer/Platforms/MacOSX.platform/Developer/SDKs/MacOSX10.10.sdk   -o CMakeFiles/cmTryCompileExec3667797461.dir/UPPERCASE_SSIZE_T.c.o   -c /Users/tulindanilcom/Downloads/jansson-2.6/build/CMakeFiles/CheckTypeSize/UPPERCASE_SSIZE_T.c
/Users/tulindanilcom/Downloads/jansson-2.6/build/CMakeFiles/CheckTypeSize/UPPERCASE_SSIZE_T.c:19:12: error: use of undeclared identifier 'SSIZE_T'
  ('0' + ((SIZE / 10000)%10)),
           ^
/Users/tulindanilcom/Downloads/jansson-2.6/build/CMakeFiles/CheckTypeSize/UPPERCASE_SSIZE_T.c:17:22: note: expanded from macro 'SIZE'
#define SIZE (sizeof(SSIZE_T))
                     ^
/Users/tulindanilcom/Downloads/jansson-2.6/build/CMakeFiles/CheckTypeSize/UPPERCASE_SSIZE_T.c:20:12: error: use of undeclared identifier 'SSIZE_T'
  ('0' + ((SIZE / 1000)%10)),
           ^
/Users/tulindanilcom/Downloads/jansson-2.6/build/CMakeFiles/CheckTypeSize/UPPERCASE_SSIZE_T.c:17:22: note: expanded from macro 'SIZE'
#define SIZE (sizeof(SSIZE_T))
                     ^
/Users/tulindanilcom/Downloads/jansson-2.6/build/CMakeFiles/CheckTypeSize/UPPERCASE_SSIZE_T.c:21:12: error: use of undeclared identifier 'SSIZE_T'
  ('0' + ((SIZE / 100)%10)),
           ^
/Users/tulindanilcom/Downloads/jansson-2.6/build/CMakeFiles/CheckTypeSize/UPPERCASE_SSIZE_T.c:17:22: note: expanded from macro 'SIZE'
#define SIZE (sizeof(SSIZE_T))
                     ^
/Users/tulindanilcom/Downloads/jansson-2.6/build/CMakeFiles/CheckTypeSize/UPPERCASE_SSIZE_T.c:22:12: error: use of undeclared identifier 'SSIZE_T'
  ('0' + ((SIZE / 10)%10)),
           ^
/Users/tulindanilcom/Downloads/jansson-2.6/build/CMakeFiles/CheckTypeSize/UPPERCASE_SSIZE_T.c:17:22: note: expanded from macro 'SIZE'
#define SIZE (sizeof(SSIZE_T))
                     ^
/Users/tulindanilcom/Downloads/jansson-2.6/build/CMakeFiles/CheckTypeSize/UPPERCASE_SSIZE_T.c:23:12: error: use of undeclared identifier 'SSIZE_T'
  ('0' +  (SIZE    % 10)),
           ^
/Users/tulindanilcom/Downloads/jansson-2.6/build/CMakeFiles/CheckTypeSize/UPPERCASE_SSIZE_T.c:17:22: note: expanded from macro 'SIZE'
#define SIZE (sizeof(SSIZE_T))
                     ^
5 errors generated.
make[1]: *** [CMakeFiles/cmTryCompileExec3667797461.dir/UPPERCASE_SSIZE_T.c.o] Error 1
make: *** [cmTryCompileExec3667797461/fast] Error 2

/Users/tulindanilcom/Downloads/jansson-2.6/build/CMakeFiles/CheckTypeSize/UPPERCASE_SSIZE_T.c:
#include <sys/types.h>
#include <stdint.h>
#include <stddef.h>


#undef KEY
#if defined(__i386)
# define KEY '_','_','i','3','8','6'
#elif defined(__x86_64)
# define KEY '_','_','x','8','6','_','6','4'
#elif defined(__ppc__)
# define KEY '_','_','p','p','c','_','_'
#elif defined(__ppc64__)
# define KEY '_','_','p','p','c','6','4','_','_'
#endif

#define SIZE (sizeof(SSIZE_T))
char info_size[] =  {'I', 'N', 'F', 'O', ':', 's','i','z','e','[',
  ('0' + ((SIZE / 10000)%10)),
  ('0' + ((SIZE / 1000)%10)),
  ('0' + ((SIZE / 100)%10)),
  ('0' + ((SIZE / 10)%10)),
  ('0' +  (SIZE    % 10)),
  ']',
#ifdef KEY
  ' ','k','e','y','[', KEY, ']',
#endif
  '\0'};

#ifdef __CLASSIC_C__
int main(argc, argv) int argc; char *argv[];
#else
int main(int argc, char *argv[])
#endif
{
  int require = 0;
  require += info_size[argc];
  (void)argv;
  return require;
}


Determining if the function _strtoi64 exists failed with the following output:
Change Dir: /Users/tulindanilcom/Downloads/jansson-2.6/build/CMakeFiles/CMakeTmp

Run Build Command:"/usr/bin/make" "cmTryCompileExec939520371/fast"
/Applications/Xcode.app/Contents/Developer/usr/bin/make -f CMakeFiles/cmTryCompileExec939520371.dir/build.make CMakeFiles/cmTryCompileExec939520371.dir/build
/usr/local/Cellar/cmake/3.1.0/bin/cmake -E cmake_progress_report /Users/tulindanilcom/Downloads/jansson-2.6/build/CMakeFiles/CMakeTmp/CMakeFiles 1
Building C object CMakeFiles/cmTryCompileExec939520371.dir/CheckFunctionExists.c.o
/usr/bin/cc   -DCHECK_FUNCTION_EXISTS=_strtoi64 -isysroot /Applications/Xcode.app/Contents/Developer/Platforms/MacOSX.platform/Developer/SDKs/MacOSX10.10.sdk   -o CMakeFiles/cmTryCompileExec939520371.dir/CheckFunctionExists.c.o   -c /usr/local/Cellar/cmake/3.1.0/share/cmake/Modules/CheckFunctionExists.c
Linking C executable cmTryCompileExec939520371
/usr/local/Cellar/cmake/3.1.0/bin/cmake -E cmake_link_script CMakeFiles/cmTryCompileExec939520371.dir/link.txt --verbose=1
/usr/bin/cc   -DCHECK_FUNCTION_EXISTS=_strtoi64 -isysroot /Applications/Xcode.app/Contents/Developer/Platforms/MacOSX.platform/Developer/SDKs/MacOSX10.10.sdk -Wl,-search_paths_first -Wl,-headerpad_max_install_names  CMakeFiles/cmTryCompileExec939520371.dir/CheckFunctionExists.c.o  -o cmTryCompileExec939520371  
Undefined symbols for architecture x86_64:
  "__strtoi64", referenced from:
      _main in CheckFunctionExists.c.o
ld: symbol(s) not found for architecture x86_64
clang: error: linker command failed with exit code 1 (use -v to see invocation)
make[1]: *** [cmTryCompileExec939520371] Error 1
make: *** [cmTryCompileExec939520371/fast] Error 2


Determining if the function _snprintf exists failed with the following output:
Change Dir: /Users/tulindanilcom/Downloads/jansson-2.6/build/CMakeFiles/CMakeTmp

Run Build Command:"/usr/bin/make" "cmTryCompileExec1360958551/fast"
/Applications/Xcode.app/Contents/Developer/usr/bin/make -f CMakeFiles/cmTryCompileExec1360958551.dir/build.make CMakeFiles/cmTryCompileExec1360958551.dir/build
/usr/local/Cellar/cmake/3.1.0/bin/cmake -E cmake_progress_report /Users/tulindanilcom/Downloads/jansson-2.6/build/CMakeFiles/CMakeTmp/CMakeFiles 1
Building C object CMakeFiles/cmTryCompileExec1360958551.dir/CheckFunctionExists.c.o
/usr/bin/cc   -DCHECK_FUNCTION_EXISTS=_snprintf -isysroot /Applications/Xcode.app/Contents/Developer/Platforms/MacOSX.platform/Developer/SDKs/MacOSX10.10.sdk   -o CMakeFiles/cmTryCompileExec1360958551.dir/CheckFunctionExists.c.o   -c /usr/local/Cellar/cmake/3.1.0/share/cmake/Modules/CheckFunctionExists.c
Linking C executable cmTryCompileExec1360958551
/usr/local/Cellar/cmake/3.1.0/bin/cmake -E cmake_link_script CMakeFiles/cmTryCompileExec1360958551.dir/link.txt --verbose=1
/usr/bin/cc   -DCHECK_FUNCTION_EXISTS=_snprintf -isysroot /Applications/Xcode.app/Contents/Developer/Platforms/MacOSX.platform/Developer/SDKs/MacOSX10.10.sdk -Wl,-search_paths_first -Wl,-headerpad_max_install_names  CMakeFiles/cmTryCompileExec1360958551.dir/CheckFunctionExists.c.o  -o cmTryCompileExec1360958551  
Undefined symbols for architecture x86_64:
  "__snprintf", referenced from:
      _main in CheckFunctionExists.c.o
ld: symbol(s) not found for architecture x86_64
clang: error: linker command failed with exit code 1 (use -v to see invocation)
make[1]: *** [cmTryCompileExec1360958551] Error 1
make: *** [cmTryCompileExec1360958551/fast] Error 2


